<?xml version="1.0" encoding="UTF-8"?>
<testsuite xmlns:xsi="http://www.w3.org/2001/XMLSchema-instance" xsi:noNamespaceSchemaLocation="https://maven.apache.org/surefire/maven-surefire-plugin/xsd/surefire-test-report.xsd" name="com.retail.billing.JUnitTest" time="0.027" tests="6" errors="0" skipped="0" failures="0">
  <properties>
[...]
</properties>
  <testcase name="testCase1" classname="com.retail.billing.JUnitTest" time="0.011"/>
  <testcase name="testCase2" classname="com.retail.billing.JUnitTest" time="0"/>
  <testcase name="testCase3" classname="com.retail.billing.JUnitTest" time="0.001"/>
  <testcase name="testCase4" classname="com.retail.billing.JUnitTest" time="0.002"/>
  <testcase name="testCase5" classname="com.retail.billing.JUnitTest" time="0.003"/>
  <testcase name="testCase6" classname="com.retail.billing.JUnitTest" time="0.001"/>
</testsuite>